[0610/104249.396:ERROR:process_memory_win.cc(73)] ReadMemory at 0x7ff756af0000 of 64 bytes failed: Only part of a ReadProcessMemory or WriteProcessMemory request was completed. (0x12B)
[0610/104249.400:WARNING:pe_image_reader.cc(340)] could not read dos header from C:\Program Files (x86)\Google\Chrome\Application\chrome.exe
[0610/104249.400:ERROR:process_memory_win.cc(73)] ReadMemory at 0x7ffc311c0000 of 64 bytes failed: Only part of a ReadProcessMemory or WriteProcessMemory request was completed. (0x12B)
[0610/104249.400:WARNING:pe_image_reader.cc(340)] could not read dos header from C:\WINDOWS\SYSTEM32\ntdll.dll
[0610/104249.400:ERROR:process_memory_win.cc(73)] ReadMemory at 0x7ffc310c0000 of 64 bytes failed: Only part of a ReadProcessMemory or WriteProcessMemory request was completed. (0x12B)
[0610/104249.400:WARNING:pe_image_reader.cc(340)] could not read dos header from C:\WINDOWS\System32\KERNEL32.DLL
[0610/104249.401:ERROR:process_memory_win.cc(73)] ReadMemory at 0x7ffc2e4b0000 of 64 bytes failed: Only part of a ReadProcessMemory or WriteProcessMemory request was completed. (0x12B)
[0610/104249.401:WARNING:pe_image_reader.cc(340)] could not read dos header from C:\WINDOWS\System32\KERNELBASE.dll
[0610/104249.401:ERROR:process_memory_win.cc(73)] ReadMemory at 0x7ffbe41b0000 of 64 bytes failed: Only part of a ReadProcessMemory or WriteProcessMemory request was completed. (0x12B)
[0610/104249.401:WARNING:pe_image_reader.cc(340)] could not read dos header from C:\Program Files (x86)\Google\Chrome\Application\83.0.4103.97\chrome_elf.dll
[0610/104249.401:ERROR:process_memory_win.cc(73)] ReadMemory at 0x7ffc29a40000 of 64 bytes failed: Only part of a ReadProcessMemory or WriteProcessMemory request was completed. (0x12B)
[0610/104249.401:WARNING:pe_image_reader.cc(340)] could not read dos header from C:\WINDOWS\SYSTEM32\VERSION.dll
[0610/104249.401:ERROR:process_memory_win.cc(73)] ReadMemory at 0x7ffc300d0000 of 64 bytes failed: Only part of a ReadProcessMemory or WriteProcessMemory request was completed. (0x12B)
[0610/104249.401:WARNING:pe_image_reader.cc(340)] could not read dos header from C:\WINDOWS\System32\msvcrt.dll
[0610/104249.401:ERROR:process_memory_win.cc(73)] ReadMemory at 0x7ffc2e430000 of 64 bytes failed: Only part of a ReadProcessMemory or WriteProcessMemory request was completed. (0x12B)
[0610/104249.401:WARNING:pe_image_reader.cc(340)] could not read dos header from C:\WINDOWS\System32\bcryptPrimitives.dll
[0610/104249.401:ERROR:process_memory_win.cc(73)] ReadMemory at 0x7ffc2f720000 of 64 bytes failed: Only part of a ReadProcessMemory or WriteProcessMemory request was completed. (0x12B)
[0610/104249.401:WARNING:pe_image_reader.cc(340)] could not read dos header from C:\WINDOWS\System32\ADVAPI32.dll
[0610/104249.401:ERROR:process_memory_win.cc(73)] ReadMemory at 0x7ffc2f940000 of 64 bytes failed: Only part of a ReadProcessMemory or WriteProcessMemory request was completed. (0x12B)
[0610/104249.401:WARNING:pe_image_reader.cc(340)] could not read dos header from C:\WINDOWS\System32\sechost.dll
[0610/104249.402:ERROR:process_memory_win.cc(73)] ReadMemory at 0x7ffc2f520000 of 64 bytes failed: Only part of a ReadProcessMemory or WriteProcessMemory request was completed. (0x12B)
[0610/104249.402:WARNING:pe_image_reader.cc(340)] could not read dos header from C:\WINDOWS\System32\RPCRT4.dll
[0610/104249.402:ERROR:process_memory_win.cc(73)] ReadMemory at 0x7ffbe5df0000 of 64 bytes failed: Only part of a ReadProcessMemory or WriteProcessMemory request was completed. (0x12B)
[0610/104249.402:WARNING:pe_image_reader.cc(340)] could not read dos header from C:\Program Files (x86)\Google\Chrome\Application\83.0.4103.97\chrome.dll
[0610/104249.402:ERROR:process_memory_win.cc(73)] ReadMemory at 0x7ffc2ff90000 of 64 bytes failed: Only part of a ReadProcessMemory or WriteProcessMemory request was completed. (0x12B)
[0610/104249.402:WARNING:pe_image_reader.cc(340)] could not read dos header from C:\WINDOWS\System32\WS2_32.dll
[0610/104249.402:ERROR:process_memory_win.cc(73)] ReadMemory at 0x7ffc30000000 of 64 bytes failed: Only part of a ReadProcessMemory or WriteProcessMemory request was completed. (0x12B)
[0610/104249.402:WARNING:pe_image_reader.cc(340)] could not read dos header from C:\WINDOWS\System32\OLEAUT32.dll
[0610/104249.402:ERROR:process_memory_win.cc(73)] ReadMemory at 0x7ffc2e340000 of 64 bytes failed: Only part of a ReadProcessMemory or WriteProcessMemory request was completed. (0x12B)
[0610/104249.402:WARNING:pe_image_reader.cc(340)] could not read dos header from C:\WINDOWS\System32\msvcp_win.dll
[0610/104249.402:ERROR:process_memory_win.cc(73)] ReadMemory at 0x7ffc2e760000 of 64 bytes failed: Only part of a ReadProcessMemory or WriteProcessMemory request was completed. (0x12B)
[0610/104249.402:WARNING:pe_image_reader.cc(340)] could not read dos header from C:\WINDOWS\System32\ucrtbase.dll
[0610/104249.403:ERROR:process_memory_win.cc(73)] ReadMemory at 0x7ffc30170000 of 64 bytes failed: Only part of a ReadProcessMemory or WriteProcessMemory request was completed. (0x12B)
[0610/104249.403:WARNING:pe_image_reader.cc(340)] could not read dos header from C:\WINDOWS\System32\combase.dll
[0610/104249.403:ERROR:process_memory_win.cc(73)] ReadMemory at 0x7ffc2ea60000 of 64 bytes failed: Only part of a ReadProcessMemory or WriteProcessMemory request was completed. (0x12B)
[0610/104249.403:WARNING:pe_image_reader.cc(340)] could not read dos header from C:\WINDOWS\System32\WINTRUST.dll
[0610/104249.403:ERROR:process_memory_win.cc(73)] ReadMemory at 0x7ffc2e090000 of 64 bytes failed: Only part of a ReadProcessMemory or WriteProcessMemory request was completed. (0x12B)
[0610/104249.403:WARNING:pe_image_reader.cc(340)] could not read dos header from C:\WINDOWS\System32\MSASN1.dll
[0610/104249.403:ERROR:process_memory_win.cc(73)] ReadMemory at 0x7ffc2e910000 of 64 bytes failed: Only part of a ReadProcessMemory or WriteProcessMemory request was completed. (0x12B)
[0610/104249.403:WARNING:pe_image_reader.cc(340)] could not read dos header from C:\WINDOWS\System32\CRYPT32.dll
[0610/104249.403:ERROR:process_memory_win.cc(73)] ReadMemory at 0x7ffc2d600000 of 64 bytes failed: Only part of a ReadProcessMemory or WriteProcessMemory request was completed. (0x12B)
[0610/104249.403:WARNING:pe_image_reader.cc(340)] could not read dos header from C:\WINDOWS\SYSTEM32\IPHLPAPI.DLL
[0610/104249.403:ERROR:process_memory_win.cc(73)] ReadMemory at 0x7ffc28330000 of 64 bytes failed: Only part of a ReadProcessMemory or WriteProcessMemory request was completed. (0x12B)
[0610/104249.403:WARNING:pe_image_reader.cc(340)] could not read dos header from C:\WINDOWS\SYSTEM32\WINMM.dll
[0610/104249.403:ERROR:process_memory_win.cc(73)] ReadMemory at 0x7ffc27550000 of 64 bytes failed: Only part of a ReadProcessMemory or WriteProcessMemory request was completed. (0x12B)
[0610/104249.403:WARNING:pe_image_reader.cc(340)] could not read dos header from C:\WINDOWS\SYSTEM32\Secur32.dll
[0610/104249.404:ERROR:process_memory_win.cc(73)] ReadMemory at 0x7ffc2df70000 of 64 bytes failed: Only part of a ReadProcessMemory or WriteProcessMemory request was completed. (0x12B)
[0610/104249.404:WARNING:pe_image_reader.cc(340)] could not read dos header from C:\WINDOWS\SYSTEM32\USERENV.dll
[0610/104249.404:ERROR:process_memory_win.cc(73)] ReadMemory at 0x7ffc2e0b0000 of 64 bytes failed: Only part of a ReadProcessMemory or WriteProcessMemory request was completed. (0x12B)
[0610/104249.404:WARNING:pe_image_reader.cc(340)] could not read dos header from C:\WINDOWS\System32\profapi.dll
[0610/104249.404:ERROR:process_memory_win.cc(73)] ReadMemory at 0x7ffbf63f0000 of 64 bytes failed: Only part of a ReadProcessMemory or WriteProcessMemory request was completed. (0x12B)
[0610/104249.404:WARNING:pe_image_reader.cc(340)] could not read dos header from C:\WINDOWS\SYSTEM32\UIAutomationCore.DLL
[0610/104249.404:ERROR:process_memory_win.cc(73)] ReadMemory at 0x7ffbfca50000 of 64 bytes failed: Only part of a ReadProcessMemory or WriteProcessMemory request was completed. (0x12B)
[0610/104249.404:WARNING:pe_image_reader.cc(340)] could not read dos header from C:\WINDOWS\SYSTEM32\DWrite.dll
[0610/104249.404:ERROR:process_memory_win.cc(73)] ReadMemory at 0x7ffc1c8c0000 of 64 bytes failed: Only part of a ReadProcessMemory or WriteProcessMemory request was completed. (0x12B)
[0610/104249.404:WARNING:pe_image_reader.cc(340)] could not read dos header from C:\WINDOWS\SYSTEM32\WINSPOOL.DRV
[0610/104249.404:ERROR:process_memory_win.cc(73)] ReadMemory at 0x7ffc2e0e0000 of 64 bytes failed: Only part of a ReadProcessMemory or WriteProcessMemory request was completed. (0x12B)
[0610/104249.404:WARNING:pe_image_reader.cc(340)] could not read dos header from C:\WINDOWS\System32\kernel.appcore.dll
[0610/104249.404:ERROR:process_memory_win.cc(73)] ReadMemory at 0x7ffc2f240000 of 64 bytes failed: Only part of a ReadProcessMemory or WriteProcessMemory request was completed. (0x12B)
[0610/104249.404:WARNING:pe_image_reader.cc(340)] could not read dos header from C:\WINDOWS\System32\bcrypt.dll
[0610/104249.404:ERROR:process_memory_win.cc(73)] ReadMemory at 0x7ffc1cf20000 of 64 bytes failed: Only part of a ReadProcessMemory or WriteProcessMemory request was completed. (0x12B)
[0610/104249.405:WARNING:pe_image_reader.cc(340)] could not read dos header from C:\WINDOWS\SYSTEM32\dbghelp.dll
[0610/104249.405:ERROR:process_memory_win.cc(73)] ReadMemory at 0x7ffc26980000 of 64 bytes failed: Only part of a ReadProcessMemory or WriteProcessMemory request was completed. (0x12B)
[0610/104249.405:WARNING:pe_image_reader.cc(340)] could not read dos header from C:\WINDOWS\SYSTEM32\WINHTTP.dll
[0610/104249.405:ERROR:process_memory_win.cc(73)] ReadMemory at 0x7ffc268f0000 of 64 bytes failed: Only part of a ReadProcessMemory or WriteProcessMemory request was completed. (0x12B)
[0610/104249.405:WARNING:pe_image_reader.cc(340)] could not read dos header from C:\WINDOWS\SYSTEM32\dhcpcsvc.DLL
[0610/104249.405:ERROR:process_memory_win.cc(73)] ReadMemory at 0x7ffc2f640000 of 64 bytes failed: Only part of a ReadProcessMemory or WriteProcessMemory request was completed. (0x12B)
[0610/104249.405:WARNING:pe_image_reader.cc(340)] could not read dos header from C:\WINDOWS\System32\NSI.dll
[0610/104249.405:ERROR:process_memory_win.cc(73)] ReadMemory at 0x7ffc28300000 of 64 bytes failed: Only part of a ReadProcessMemory or WriteProcessMemory request was completed. (0x12B)
[0610/104249.405:WARNING:pe_image_reader.cc(340)] could not read dos header from C:\WINDOWS\SYSTEM32\WINMMBASE.dll
[0610/104249.405:ERROR:process_memory_win.cc(73)] ReadMemory at 0x7ffc2e2f0000 of 64 bytes failed: Only part of a ReadProcessMemory or WriteProcessMemory request was completed. (0x12B)
[0610/104249.405:WARNING:pe_image_reader.cc(340)] could not read dos header from C:\WINDOWS\System32\cfgmgr32.dll
[0610/104249.405:ERROR:process_memory_win.cc(73)] ReadMemory at 0x7ffc2a210000 of 64 bytes failed: Only part of a ReadProcessMemory or WriteProcessMemory request was completed. (0x12B)
[0610/104249.405:WARNING:pe_image_reader.cc(340)] could not read dos header from C:\WINDOWS\SYSTEM32\PROPSYS.dll
[0610/104249.405:ERROR:process_memory_win.cc(73)] ReadMemory at 0x7ffc31010000 of 64 bytes failed: Only part of a ReadProcessMemory or WriteProcessMemory request was completed. (0x12B)
[0610/104249.405:WARNING:pe_image_reader.cc(340)] could not read dos header from C:\WINDOWS\System32\shcore.dll
[0610/104249.406:ERROR:process_memory_win.cc(73)] ReadMemory at 0x7ffc2dfa0000 of 64 bytes failed: Only part of a ReadProcessMemory or WriteProcessMemory request was completed. (0x12B)
[0610/104249.406:WARNING:pe_image_reader.cc(340)] could not read dos header from C:\WINDOWS\SYSTEM32\SSPICLI.DLL
[0610/104249.406:ERROR:process_memory_win.cc(73)] ReadMemory at 0x7ffc304b0000 of 64 bytes failed: Only part of a ReadProcessMemory or WriteProcessMemory request was completed. (0x12B)
[0610/104249.406:WARNING:pe_image_reader.cc(340)] could not read dos header from C:\WINDOWS\System32\SHELL32.dll
[0610/104249.406:ERROR:process_memory_win.cc(73)] ReadMemory at 0x7ffc2eac0000 of 64 bytes failed: Only part of a ReadProcessMemory or WriteProcessMemory request was completed. (0x12B)
[0610/104249.406:WARNING:pe_image_reader.cc(340)] could not read dos header from C:\WINDOWS\System32\windows.storage.dll
[0610/104249.406:ERROR:process_memory_win.cc(73)] ReadMemory at 0x7ffc2e100000 of 64 bytes failed: Only part of a ReadProcessMemory or WriteProcessMemory request was completed. (0x12B)
[0610/104249.406:WARNING:pe_image_reader.cc(340)] could not read dos header from C:\WINDOWS\System32\powrprof.dll
[0610/104249.406:ERROR:process_memory_win.cc(73)] ReadMemory at 0x7ffc2e080000 of 64 bytes failed: Only part of a ReadProcessMemory or WriteProcessMemory request was completed. (0x12B)
[0610/104249.406:WARNING:pe_image_reader.cc(340)] could not read dos header from C:\WINDOWS\System32\UMPDC.dll
[0610/104249.406:ERROR:process_memory_win.cc(73)] ReadMemory at 0x7ffc2fce0000 of 64 bytes failed: Only part of a ReadProcessMemory or WriteProcessMemory request was completed. (0x12B)
[0610/104249.406:WARNING:pe_image_reader.cc(340)] could not read dos header from C:\WINDOWS\System32\shlwapi.dll
[0610/104249.406:ERROR:process_memory_win.cc(73)] ReadMemory at 0x7ffc2f910000 of 64 bytes failed: Only part of a ReadProcessMemory or WriteProcessMemory request was completed. (0x12B)
[0610/104249.406:WARNING:pe_image_reader.cc(340)] could not read dos header from C:\WINDOWS\System32\GDI32.dll
[0610/104249.407:ERROR:process_memory_win.cc(73)] ReadMemory at 0x7ffc2e400000 of 64 bytes failed: Only part of a ReadProcessMemory or WriteProcessMemory request was completed. (0x12B)
[0610/104249.407:WARNING:pe_image_reader.cc(340)] could not read dos header from C:\WINDOWS\System32\win32u.dll
[0610/104249.407:ERROR:process_memory_win.cc(73)] ReadMemory at 0x7ffc2e150000 of 64 bytes failed: Only part of a ReadProcessMemory or WriteProcessMemory request was completed. (0x12B)
[0610/104249.407:WARNING:pe_image_reader.cc(340)] could not read dos header from C:\WINDOWS\System32\gdi32full.dll
[0610/104249.407:ERROR:process_memory_win.cc(73)] ReadMemory at 0x7ffc2f380000 of 64 bytes failed: Only part of a ReadProcessMemory or WriteProcessMemory request was completed. (0x12B)
[0610/104249.407:WARNING:pe_image_reader.cc(340)] could not read dos header from C:\WINDOWS\System32\USER32.dll
[0610/104249.407:ERROR:process_memory_win.cc(73)] ReadMemory at 0x7ffc2e3e0000 of 64 bytes failed: Only part of a ReadProcessMemory or WriteProcessMemory request was completed. (0x12B)
[0610/104249.407:WARNING:pe_image_reader.cc(340)] could not read dos header from C:\WINDOWS\System32\cryptsp.dll
[0610/104249.407:ERROR:process_memory_win.cc(73)] ReadMemory at 0x7ffc2fad0000 of 64 bytes failed: Only part of a ReadProcessMemory or WriteProcessMemory request was completed. (0x12B)
[0610/104249.407:WARNING:pe_image_reader.cc(340)] could not read dos header from C:\WINDOWS\System32\IMM32.DLL
[0610/104249.407:ERROR:process_memory_win.cc(73)] ReadMemory at 0x7ffc2dac0000 of 64 bytes failed: Only part of a ReadProcessMemory or WriteProcessMemory request was completed. (0x12B)
[0610/104249.407:WARNING:pe_image_reader.cc(340)] could not read dos header from C:\WINDOWS\SYSTEM32\CRYPTBASE.DLL
[0610/104249.407:ERROR:process_memory_win.cc(73)] ReadMemory at 0x7ffc2b950000 of 64 bytes failed: Only part of a ReadProcessMemory or WriteProcessMemory request was completed. (0x12B)
[0610/104249.407:WARNING:pe_image_reader.cc(340)] could not read dos header from C:\WINDOWS\system32\NLAapi.dll
[0610/104249.407:ERROR:process_memory_win.cc(73)] ReadMemory at 0x7ffc26870000 of 64 bytes failed: Only part of a ReadProcessMemory or WriteProcessMemory request was completed. (0x12B)
[0610/104249.408:WARNING:pe_image_reader.cc(340)] could not read dos header from C:\WINDOWS\SYSTEM32\dhcpcsvc6.DLL
[0610/104249.408:ERROR:process_memory_win.cc(73)] ReadMemory at 0x7ffc2d640000 of 64 bytes failed: Only part of a ReadProcessMemory or WriteProcessMemory request was completed. (0x12B)
[0610/104249.408:WARNING:pe_image_reader.cc(340)] could not read dos header from C:\WINDOWS\SYSTEM32\DNSAPI.dll
[0610/104249.408:ERROR:process_memory_win.cc(73)] ReadMemory at 0x7ffc234b0000 of 64 bytes failed: Only part of a ReadProcessMemory or WriteProcessMemory request was completed. (0x12B)
[0610/104249.408:WARNING:pe_image_reader.cc(340)] could not read dos header from C:\WINDOWS\SYSTEM32\wlanapi.dll
[0610/104249.408:ERROR:process_memory_win.cc(73)] ReadMemory at 0x7ffc2d8f0000 of 64 bytes failed: Only part of a ReadProcessMemory or WriteProcessMemory request was completed. (0x12B)
[0610/104249.408:WARNING:pe_image_reader.cc(340)] could not read dos header from C:\WINDOWS\system32\mswsock.dll
[0610/104249.408:ERROR:process_memory_win.cc(73)] ReadMemory at 0x7ffc26930000 of 64 bytes failed: Only part of a ReadProcessMemory or WriteProcessMemory request was completed. (0x12B)
[0610/104249.408:WARNING:pe_image_reader.cc(340)] could not read dos header from C:\Windows\System32\rasadhlp.dll
[0610/104249.408:ERROR:process_memory_win.cc(73)] ReadMemory at 0x7ffc23520000 of 64 bytes failed: Only part of a ReadProcessMemory or WriteProcessMemory request was completed. (0x12B)
[0610/104249.408:WARNING:pe_image_reader.cc(340)] could not read dos header from C:\WINDOWS\System32\fwpuclnt.dll
[0610/104249.408:ERROR:process_memory_win.cc(73)] ReadMemory at 0x7ffc2d460000 of 64 bytes failed: Only part of a ReadProcessMemory or WriteProcessMemory request was completed. (0x12B)
[0610/104249.408:WARNING:pe_image_reader.cc(340)] could not read dos header from C:\WINDOWS\system32\rsaenh.dll
[0610/104249.408:ERROR:process_memory_win.cc(73)] ReadMemory at 0x7ffc2cca0000 of 64 bytes failed: Only part of a ReadProcessMemory or WriteProcessMemory request was completed. (0x12B)
[0610/104249.408:WARNING:pe_image_reader.cc(340)] could not read dos header from C:\WINDOWS\SYSTEM32\gpapi.dll
[0610/104249.409:ERROR:process_memory_win.cc(73)] ReadMemory at 0x7ffc1b710000 of 64 bytes failed: Only part of a ReadProcessMemory or WriteProcessMemory request was completed. (0x12B)
[0610/104249.409:WARNING:pe_image_reader.cc(340)] could not read dos header from C:\Windows\System32\cryptnet.dll
[0610/104249.409:ERROR:process_memory_win.cc(73)] ReadMemory at 0x7ff756af0000 of 64 bytes failed: Only part of a ReadProcessMemory or WriteProcessMemory request was completed. (0x12B)
[0610/104249.409:WARNING:pe_image_reader.cc(340)] could not read dos header from C:\Program Files (x86)\Google\Chrome\Application\chrome.exe
[0610/104249.409:ERROR:process_memory_win.cc(73)] ReadMemory at 0x7ffc311c0000 of 64 bytes failed: Only part of a ReadProcessMemory or WriteProcessMemory request was completed. (0x12B)
[0610/104249.409:WARNING:pe_image_reader.cc(340)] could not read dos header from C:\WINDOWS\SYSTEM32\ntdll.dll
[0610/104249.409:ERROR:process_memory_win.cc(73)] ReadMemory at 0x7ffc310c0000 of 64 bytes failed: Only part of a ReadProcessMemory or WriteProcessMemory request was completed. (0x12B)
[0610/104249.409:WARNING:pe_image_reader.cc(340)] could not read dos header from C:\WINDOWS\System32\KERNEL32.DLL
[0610/104249.409:ERROR:process_memory_win.cc(73)] ReadMemory at 0x7ffc2e4b0000 of 64 bytes failed: Only part of a ReadProcessMemory or WriteProcessMemory request was completed. (0x12B)
[0610/104249.409:WARNING:pe_image_reader.cc(340)] could not read dos header from C:\WINDOWS\System32\KERNELBASE.dll
[0610/104249.409:ERROR:process_memory_win.cc(73)] ReadMemory at 0x7ffbe41b0000 of 64 bytes failed: Only part of a ReadProcessMemory or WriteProcessMemory request was completed. (0x12B)
[0610/104249.409:WARNING:pe_image_reader.cc(340)] could not read dos header from C:\Program Files (x86)\Google\Chrome\Application\83.0.4103.97\chrome_elf.dll
[0610/104249.409:ERROR:process_memory_win.cc(73)] ReadMemory at 0x7ffc29a40000 of 64 bytes failed: Only part of a ReadProcessMemory or WriteProcessMemory request was completed. (0x12B)
[0610/104249.410:WARNING:pe_image_reader.cc(340)] could not read dos header from C:\WINDOWS\SYSTEM32\VERSION.dll
[0610/104249.410:ERROR:process_memory_win.cc(73)] ReadMemory at 0x7ffc300d0000 of 64 bytes failed: Only part of a ReadProcessMemory or WriteProcessMemory request was completed. (0x12B)
[0610/104249.410:WARNING:pe_image_reader.cc(340)] could not read dos header from C:\WINDOWS\System32\msvcrt.dll
[0610/104249.410:ERROR:process_memory_win.cc(73)] ReadMemory at 0x7ffc2e430000 of 64 bytes failed: Only part of a ReadProcessMemory or WriteProcessMemory request was completed. (0x12B)
[0610/104249.410:WARNING:pe_image_reader.cc(340)] could not read dos header from C:\WINDOWS\System32\bcryptPrimitives.dll
[0610/104249.410:ERROR:process_memory_win.cc(73)] ReadMemory at 0x7ffc2f720000 of 64 bytes failed: Only part of a ReadProcessMemory or WriteProcessMemory request was completed. (0x12B)
[0610/104249.410:WARNING:pe_image_reader.cc(340)] could not read dos header from C:\WINDOWS\System32\ADVAPI32.dll
[0610/104249.410:ERROR:process_memory_win.cc(73)] ReadMemory at 0x7ffc2f940000 of 64 bytes failed: Only part of a ReadProcessMemory or WriteProcessMemory request was completed. (0x12B)
[0610/104249.410:WARNING:pe_image_reader.cc(340)] could not read dos header from C:\WINDOWS\System32\sechost.dll
[0610/104249.410:ERROR:process_memory_win.cc(73)] ReadMemory at 0x7ffc2f520000 of 64 bytes failed: Only part of a ReadProcessMemory or WriteProcessMemory request was completed. (0x12B)
[0610/104249.410:WARNING:pe_image_reader.cc(340)] could not read dos header from C:\WINDOWS\System32\RPCRT4.dll
[0610/104249.410:ERROR:process_memory_win.cc(73)] ReadMemory at 0x7ffbe5df0000 of 64 bytes failed: Only part of a ReadProcessMemory or WriteProcessMemory request was completed. (0x12B)
[0610/104249.410:WARNING:pe_image_reader.cc(340)] could not read dos header from C:\Program Files (x86)\Google\Chrome\Application\83.0.4103.97\chrome.dll
[0610/104249.410:ERROR:process_memory_win.cc(73)] ReadMemory at 0x7ffc2ff90000 of 64 bytes failed: Only part of a ReadProcessMemory or WriteProcessMemory request was completed. (0x12B)
[0610/104249.410:WARNING:pe_image_reader.cc(340)] could not read dos header from C:\WINDOWS\System32\WS2_32.dll
[0610/104249.410:ERROR:process_memory_win.cc(73)] ReadMemory at 0x7ffc30000000 of 64 bytes failed: Only part of a ReadProcessMemory or WriteProcessMemory request was completed. (0x12B)
[0610/104249.410:WARNING:pe_image_reader.cc(340)] could not read dos header from C:\WINDOWS\System32\OLEAUT32.dll
[0610/104249.411:ERROR:process_memory_win.cc(73)] ReadMemory at 0x7ffc2e340000 of 64 bytes failed: Only part of a ReadProcessMemory or WriteProcessMemory request was completed. (0x12B)
[0610/104249.411:WARNING:pe_image_reader.cc(340)] could not read dos header from C:\WINDOWS\System32\msvcp_win.dll
[0610/104249.411:ERROR:process_memory_win.cc(73)] ReadMemory at 0x7ffc2e760000 of 64 bytes failed: Only part of a ReadProcessMemory or WriteProcessMemory request was completed. (0x12B)
[0610/104249.411:WARNING:pe_image_reader.cc(340)] could not read dos header from C:\WINDOWS\System32\ucrtbase.dll
[0610/104249.411:ERROR:process_memory_win.cc(73)] ReadMemory at 0x7ffc30170000 of 64 bytes failed: Only part of a ReadProcessMemory or WriteProcessMemory request was completed. (0x12B)
[0610/104249.411:WARNING:pe_image_reader.cc(340)] could not read dos header from C:\WINDOWS\System32\combase.dll
[0610/104249.411:ERROR:process_memory_win.cc(73)] ReadMemory at 0x7ffc2ea60000 of 64 bytes failed: Only part of a ReadProcessMemory or WriteProcessMemory request was completed. (0x12B)
[0610/104249.411:WARNING:pe_image_reader.cc(340)] could not read dos header from C:\WINDOWS\System32\WINTRUST.dll
[0610/104249.411:ERROR:process_memory_win.cc(73)] ReadMemory at 0x7ffc2e090000 of 64 bytes failed: Only part of a ReadProcessMemory or WriteProcessMemory request was completed. (0x12B)
[0610/104249.411:WARNING:pe_image_reader.cc(340)] could not read dos header from C:\WINDOWS\System32\MSASN1.dll
[0610/104249.411:ERROR:process_memory_win.cc(73)] ReadMemory at 0x7ffc2e910000 of 64 bytes failed: Only part of a ReadProcessMemory or WriteProcessMemory request was completed. (0x12B)
[0610/104249.411:WARNING:pe_image_reader.cc(340)] could not read dos header from C:\WINDOWS\System32\CRYPT32.dll
[0610/104249.411:ERROR:process_memory_win.cc(73)] ReadMemory at 0x7ffc2d600000 of 64 bytes failed: Only part of a ReadProcessMemory or WriteProcessMemory request was completed. (0x12B)
[0610/104249.411:WARNING:pe_image_reader.cc(340)] could not read dos header from C:\WINDOWS\SYSTEM32\IPHLPAPI.DLL
[0610/104249.411:ERROR:process_memory_win.cc(73)] ReadMemory at 0x7ffc28330000 of 64 bytes failed: Only part of a ReadProcessMemory or WriteProcessMemory request was completed. (0x12B)
[0610/104249.412:WARNING:pe_image_reader.cc(340)] could not read dos header from C:\WINDOWS\SYSTEM32\WINMM.dll
[0610/104249.412:ERROR:process_memory_win.cc(73)] ReadMemory at 0x7ffc27550000 of 64 bytes failed: Only part of a ReadProcessMemory or WriteProcessMemory request was completed. (0x12B)
[0610/104249.412:WARNING:pe_image_reader.cc(340)] could not read dos header from C:\WINDOWS\SYSTEM32\Secur32.dll
[0610/104249.412:ERROR:process_memory_win.cc(73)] ReadMemory at 0x7ffc2df70000 of 64 bytes failed: Only part of a ReadProcessMemory or WriteProcessMemory request was completed. (0x12B)
[0610/104249.412:WARNING:pe_image_reader.cc(340)] could not read dos header from C:\WINDOWS\SYSTEM32\USERENV.dll
[0610/104249.412:ERROR:process_memory_win.cc(73)] ReadMemory at 0x7ffc2e0b0000 of 64 bytes failed: Only part of a ReadProcessMemory or WriteProcessMemory request was completed. (0x12B)
[0610/104249.412:WARNING:pe_image_reader.cc(340)] could not read dos header from C:\WINDOWS\System32\profapi.dll
[0610/104249.412:ERROR:process_memory_win.cc(73)] ReadMemory at 0x7ffbf63f0000 of 64 bytes failed: Only part of a ReadProcessMemory or WriteProcessMemory request was completed. (0x12B)
[0610/104249.412:WARNING:pe_image_reader.cc(340)] could not read dos header from C:\WINDOWS\SYSTEM32\UIAutomationCore.DLL
[0610/104249.412:ERROR:process_memory_win.cc(73)] ReadMemory at 0x7ffbfca50000 of 64 bytes failed: Only part of a ReadProcessMemory or WriteProcessMemory request was completed. (0x12B)
[0610/104249.412:WARNING:pe_image_reader.cc(340)] could not read dos header from C:\WINDOWS\SYSTEM32\DWrite.dll
[0610/104249.412:ERROR:process_memory_win.cc(73)] ReadMemory at 0x7ffc1c8c0000 of 64 bytes failed: Only part of a ReadProcessMemory or WriteProcessMemory request was completed. (0x12B)
[0610/104249.412:WARNING:pe_image_reader.cc(340)] could not read dos header from C:\WINDOWS\SYSTEM32\WINSPOOL.DRV
[0610/104249.412:ERROR:process_memory_win.cc(73)] ReadMemory at 0x7ffc2e0e0000 of 64 bytes failed: Only part of a ReadProcessMemory or WriteProcessMemory request was completed. (0x12B)
[0610/104249.412:WARNING:pe_image_reader.cc(340)] could not read dos header from C:\WINDOWS\System32\kernel.appcore.dll
[0610/104249.412:ERROR:process_memory_win.cc(73)] ReadMemory at 0x7ffc2f240000 of 64 bytes failed: Only part of a ReadProcessMemory or WriteProcessMemory request was completed. (0x12B)
[0610/104249.412:WARNING:pe_image_reader.cc(340)] could not read dos header from C:\WINDOWS\System32\bcrypt.dll
[0610/104249.412:ERROR:process_memory_win.cc(73)] ReadMemory at 0x7ffc1cf20000 of 64 bytes failed: Only part of a ReadProcessMemory or WriteProcessMemory request was completed. (0x12B)
[0610/104249.413:WARNING:pe_image_reader.cc(340)] could not read dos header from C:\WINDOWS\SYSTEM32\dbghelp.dll
[0610/104249.413:ERROR:process_memory_win.cc(73)] ReadMemory at 0x7ffc26980000 of 64 bytes failed: Only part of a ReadProcessMemory or WriteProcessMemory request was completed. (0x12B)
[0610/104249.413:WARNING:pe_image_reader.cc(340)] could not read dos header from C:\WINDOWS\SYSTEM32\WINHTTP.dll
[0610/104249.413:ERROR:process_memory_win.cc(73)] ReadMemory at 0x7ffc268f0000 of 64 bytes failed: Only part of a ReadProcessMemory or WriteProcessMemory request was completed. (0x12B)
[0610/104249.413:WARNING:pe_image_reader.cc(340)] could not read dos header from C:\WINDOWS\SYSTEM32\dhcpcsvc.DLL
[0610/104249.413:ERROR:process_memory_win.cc(73)] ReadMemory at 0x7ffc2f640000 of 64 bytes failed: Only part of a ReadProcessMemory or WriteProcessMemory request was completed. (0x12B)
[0610/104249.413:WARNING:pe_image_reader.cc(340)] could not read dos header from C:\WINDOWS\System32\NSI.dll
[0610/104249.413:ERROR:process_memory_win.cc(73)] ReadMemory at 0x7ffc28300000 of 64 bytes failed: Only part of a ReadProcessMemory or WriteProcessMemory request was completed. (0x12B)
[0610/104249.413:WARNING:pe_image_reader.cc(340)] could not read dos header from C:\WINDOWS\SYSTEM32\WINMMBASE.dll
[0610/104249.413:ERROR:process_memory_win.cc(73)] ReadMemory at 0x7ffc2e2f0000 of 64 bytes failed: Only part of a ReadProcessMemory or WriteProcessMemory request was completed. (0x12B)
[0610/104249.413:WARNING:pe_image_reader.cc(340)] could not read dos header from C:\WINDOWS\System32\cfgmgr32.dll
[0610/104249.413:ERROR:process_memory_win.cc(73)] ReadMemory at 0x7ffc2a210000 of 64 bytes failed: Only part of a ReadProcessMemory or WriteProcessMemory request was completed. (0x12B)
[0610/104249.413:WARNING:pe_image_reader.cc(340)] could not read dos header from C:\WINDOWS\SYSTEM32\PROPSYS.dll
[0610/104249.413:ERROR:process_memory_win.cc(73)] ReadMemory at 0x7ffc31010000 of 64 bytes failed: Only part of a ReadProcessMemory or WriteProcessMemory request was completed. (0x12B)
[0610/104249.413:WARNING:pe_image_reader.cc(340)] could not read dos header from C:\WINDOWS\System32\shcore.dll
[0610/104249.413:ERROR:process_memory_win.cc(73)] ReadMemory at 0x7ffc2dfa0000 of 64 bytes failed: Only part of a ReadProcessMemory or WriteProcessMemory request was completed. (0x12B)
[0610/104249.413:WARNING:pe_image_reader.cc(340)] could not read dos header from C:\WINDOWS\SYSTEM32\SSPICLI.DLL
[0610/104249.413:ERROR:process_memory_win.cc(73)] ReadMemory at 0x7ffc304b0000 of 64 bytes failed: Only part of a ReadProcessMemory or WriteProcessMemory request was completed. (0x12B)
[0610/104249.414:WARNING:pe_image_reader.cc(340)] could not read dos header from C:\WINDOWS\System32\SHELL32.dll
[0610/104249.414:ERROR:process_memory_win.cc(73)] ReadMemory at 0x7ffc2eac0000 of 64 bytes failed: Only part of a ReadProcessMemory or WriteProcessMemory request was completed. (0x12B)
[0610/104249.414:WARNING:pe_image_reader.cc(340)] could not read dos header from C:\WINDOWS\System32\windows.storage.dll
[0610/104249.414:ERROR:process_memory_win.cc(73)] ReadMemory at 0x7ffc2e100000 of 64 bytes failed: Only part of a ReadProcessMemory or WriteProcessMemory request was completed. (0x12B)
[0610/104249.414:WARNING:pe_image_reader.cc(340)] could not read dos header from C:\WINDOWS\System32\powrprof.dll
[0610/104249.414:ERROR:process_memory_win.cc(73)] ReadMemory at 0x7ffc2e080000 of 64 bytes failed: Only part of a ReadProcessMemory or WriteProcessMemory request was completed. (0x12B)
[0610/104249.414:WARNING:pe_image_reader.cc(340)] could not read dos header from C:\WINDOWS\System32\UMPDC.dll
[0610/104249.414:ERROR:process_memory_win.cc(73)] ReadMemory at 0x7ffc2fce0000 of 64 bytes failed: Only part of a ReadProcessMemory or WriteProcessMemory request was completed. (0x12B)
[0610/104249.414:WARNING:pe_image_reader.cc(340)] could not read dos header from C:\WINDOWS\System32\shlwapi.dll
[0610/104249.414:ERROR:process_memory_win.cc(73)] ReadMemory at 0x7ffc2f910000 of 64 bytes failed: Only part of a ReadProcessMemory or WriteProcessMemory request was completed. (0x12B)
[0610/104249.414:WARNING:pe_image_reader.cc(340)] could not read dos header from C:\WINDOWS\System32\GDI32.dll
[0610/104249.414:ERROR:process_memory_win.cc(73)] ReadMemory at 0x7ffc2e400000 of 64 bytes failed: Only part of a ReadProcessMemory or WriteProcessMemory request was completed. (0x12B)
[0610/104249.414:WARNING:pe_image_reader.cc(340)] could not read dos header from C:\WINDOWS\System32\win32u.dll
[0610/104249.415:ERROR:process_memory_win.cc(73)] ReadMemory at 0x7ffc2e150000 of 64 bytes failed: Only part of a ReadProcessMemory or WriteProcessMemory request was completed. (0x12B)
[0610/104249.415:WARNING:pe_image_reader.cc(340)] could not read dos header from C:\WINDOWS\System32\gdi32full.dll
[0610/104249.415:ERROR:process_memory_win.cc(73)] ReadMemory at 0x7ffc2f380000 of 64 bytes failed: Only part of a ReadProcessMemory or WriteProcessMemory request was completed. (0x12B)
[0610/104249.415:WARNING:pe_image_reader.cc(340)] could not read dos header from C:\WINDOWS\System32\USER32.dll
[0610/104249.415:ERROR:process_memory_win.cc(73)] ReadMemory at 0x7ffc2e3e0000 of 64 bytes failed: Only part of a ReadProcessMemory or WriteProcessMemory request was completed. (0x12B)
[0610/104249.415:WARNING:pe_image_reader.cc(340)] could not read dos header from C:\WINDOWS\System32\cryptsp.dll
[0610/104249.415:ERROR:process_memory_win.cc(73)] ReadMemory at 0x7ffc2fad0000 of 64 bytes failed: Only part of a ReadProcessMemory or WriteProcessMemory request was completed. (0x12B)
[0610/104249.415:WARNING:pe_image_reader.cc(340)] could not read dos header from C:\WINDOWS\System32\IMM32.DLL
[0610/104249.415:ERROR:process_memory_win.cc(73)] ReadMemory at 0x7ffc2dac0000 of 64 bytes failed: Only part of a ReadProcessMemory or WriteProcessMemory request was completed. (0x12B)
[0610/104249.415:WARNING:pe_image_reader.cc(340)] could not read dos header from C:\WINDOWS\SYSTEM32\CRYPTBASE.DLL
[0610/104249.416:ERROR:process_memory_win.cc(73)] ReadMemory at 0x7ffc2b950000 of 64 bytes failed: Only part of a ReadProcessMemory or WriteProcessMemory request was completed. (0x12B)
[0610/104249.416:WARNING:pe_image_reader.cc(340)] could not read dos header from C:\WINDOWS\system32\NLAapi.dll
[0610/104249.416:ERROR:process_memory_win.cc(73)] ReadMemory at 0x7ffc26870000 of 64 bytes failed: Only part of a ReadProcessMemory or WriteProcessMemory request was completed. (0x12B)
[0610/104249.416:WARNING:pe_image_reader.cc(340)] could not read dos header from C:\WINDOWS\SYSTEM32\dhcpcsvc6.DLL
[0610/104249.416:ERROR:process_memory_win.cc(73)] ReadMemory at 0x7ffc2d640000 of 64 bytes failed: Only part of a ReadProcessMemory or WriteProcessMemory request was completed. (0x12B)
[0610/104249.416:WARNING:pe_image_reader.cc(340)] could not read dos header from C:\WINDOWS\SYSTEM32\DNSAPI.dll
[0610/104249.416:ERROR:process_memory_win.cc(73)] ReadMemory at 0x7ffc234b0000 of 64 bytes failed: Only part of a ReadProcessMemory or WriteProcessMemory request was completed. (0x12B)
[0610/104249.416:WARNING:pe_image_reader.cc(340)] could not read dos header from C:\WINDOWS\SYSTEM32\wlanapi.dll
[0610/104249.416:ERROR:process_memory_win.cc(73)] ReadMemory at 0x7ffc2d8f0000 of 64 bytes failed: Only part of a ReadProcessMemory or WriteProcessMemory request was completed. (0x12B)
[0610/104249.416:WARNING:pe_image_reader.cc(340)] could not read dos header from C:\WINDOWS\system32\mswsock.dll
[0610/104249.416:ERROR:process_memory_win.cc(73)] ReadMemory at 0x7ffc26930000 of 64 bytes failed: Only part of a ReadProcessMemory or WriteProcessMemory request was completed. (0x12B)
[0610/104249.416:WARNING:pe_image_reader.cc(340)] could not read dos header from C:\Windows\System32\rasadhlp.dll
[0610/104249.416:ERROR:process_memory_win.cc(73)] ReadMemory at 0x7ffc23520000 of 64 bytes failed: Only part of a ReadProcessMemory or WriteProcessMemory request was completed. (0x12B)
[0610/104249.417:WARNING:pe_image_reader.cc(340)] could not read dos header from C:\WINDOWS\System32\fwpuclnt.dll
[0610/104249.417:ERROR:process_memory_win.cc(73)] ReadMemory at 0x7ffc2d460000 of 64 bytes failed: Only part of a ReadProcessMemory or WriteProcessMemory request was completed. (0x12B)
[0610/104249.417:WARNING:pe_image_reader.cc(340)] could not read dos header from C:\WINDOWS\system32\rsaenh.dll
[0610/104249.417:ERROR:process_memory_win.cc(73)] ReadMemory at 0x7ffc2cca0000 of 64 bytes failed: Only part of a ReadProcessMemory or WriteProcessMemory request was completed. (0x12B)
[0610/104249.417:WARNING:pe_image_reader.cc(340)] could not read dos header from C:\WINDOWS\SYSTEM32\gpapi.dll
[0610/104249.417:ERROR:process_memory_win.cc(73)] ReadMemory at 0x7ffc1b710000 of 64 bytes failed: Only part of a ReadProcessMemory or WriteProcessMemory request was completed. (0x12B)
[0610/104249.417:WARNING:pe_image_reader.cc(340)] could not read dos header from C:\Windows\System32\cryptnet.dll
[0610/104249.470:ERROR:process_memory_win.cc(73)] ReadMemory at 0x70e0dfa000 of 24576 bytes failed: Only part of a ReadProcessMemory or WriteProcessMemory request was completed. (0x12B)
[0610/104249.470:ERROR:process_memory_win.cc(73)] ReadMemory at 0x70e15fe000 of 8192 bytes failed: Only part of a ReadProcessMemory or WriteProcessMemory request was completed. (0x12B)
[0610/104249.470:ERROR:process_memory_win.cc(73)] ReadMemory at 0x70e1dfd000 of 12288 bytes failed: Only part of a ReadProcessMemory or WriteProcessMemory request was completed. (0x12B)
[0610/104249.470:ERROR:process_memory_win.cc(73)] ReadMemory at 0x70e25fa000 of 24576 bytes failed: Only part of a ReadProcessMemory or WriteProcessMemory request was completed. (0x12B)
[0610/104249.470:ERROR:process_memory_win.cc(73)] ReadMemory at 0x70e2dfd000 of 12288 bytes failed: Only part of a ReadProcessMemory or WriteProcessMemory request was completed. (0x12B)
[0610/104249.470:ERROR:process_memory_win.cc(73)] ReadMemory at 0x70e35f8000 of 32768 bytes failed: Only part of a ReadProcessMemory or WriteProcessMemory request was completed. (0x12B)
[0610/104249.471:ERROR:process_memory_win.cc(73)] ReadMemory at 0x70e3dfd000 of 12288 bytes failed: Only part of a ReadProcessMemory or WriteProcessMemory request was completed. (0x12B)
[0610/104249.471:ERROR:process_memory_win.cc(73)] ReadMemory at 0x70e45fc000 of 16384 bytes failed: Only part of a ReadProcessMemory or WriteProcessMemory request was completed. (0x12B)
[0610/104249.471:ERROR:process_memory_win.cc(73)] ReadMemory at 0x70e4dfa000 of 24576 bytes failed: Only part of a ReadProcessMemory or WriteProcessMemory request was completed. (0x12B)
[0610/104249.471:ERROR:process_memory_win.cc(73)] ReadMemory at 0x70e5dff000 of 4096 bytes failed: Only part of a ReadProcessMemory or WriteProcessMemory request was completed. (0x12B)
[0610/104249.471:ERROR:process_memory_win.cc(73)] ReadMemory at 0x70e65fe000 of 8192 bytes failed: Only part of a ReadProcessMemory or WriteProcessMemory request was completed. (0x12B)
[0610/104249.472:ERROR:process_memory_win.cc(73)] ReadMemory at 0x70e55fd000 of 12288 bytes failed: Only part of a ReadProcessMemory or WriteProcessMemory request was completed. (0x12B)
[0610/104249.472:ERROR:process_memory_win.cc(73)] ReadMemory at 0x70e6dfd000 of 12288 bytes failed: Only part of a ReadProcessMemory or WriteProcessMemory request was completed. (0x12B)
[0610/104249.472:ERROR:process_memory_win.cc(73)] ReadMemory at 0x70e75fb000 of 20480 bytes failed: Only part of a ReadProcessMemory or WriteProcessMemory request was completed. (0x12B)
[0610/104249.472:ERROR:process_memory_win.cc(73)] ReadMemory at 0x70e7dff000 of 4096 bytes failed: Only part of a ReadProcessMemory or WriteProcessMemory request was completed. (0x12B)
[0610/104249.472:ERROR:process_memory_win.cc(73)] ReadMemory at 0x70e85fb000 of 20480 bytes failed: Only part of a ReadProcessMemory or WriteProcessMemory request was completed. (0x12B)
[0610/104249.472:ERROR:process_memory_win.cc(73)] ReadMemory at 0x70e05bb000 of 852 bytes failed: Only part of a ReadProcessMemory or WriteProcessMemory request was completed. (0x12B)
[0610/104249.472:ERROR:process_memory_win.cc(73)] ReadMemory at 0x70e05bc000 of 6024 bytes failed: Only part of a ReadProcessMemory or WriteProcessMemory request was completed. (0x12B)
[0610/104249.473:ERROR:process_memory_win.cc(73)] ReadMemory at 0x70e05be000 of 6024 bytes failed: Only part of a ReadProcessMemory or WriteProcessMemory request was completed. (0x12B)
[0610/104249.473:ERROR:process_memory_win.cc(73)] ReadMemory at 0x70e05c0000 of 6024 bytes failed: Only part of a ReadProcessMemory or WriteProcessMemory request was completed. (0x12B)
[0610/104249.473:ERROR:process_memory_win.cc(73)] ReadMemory at 0x70e05c2000 of 6024 bytes failed: Only part of a ReadProcessMemory or WriteProcessMemory request was completed. (0x12B)
[0610/104249.473:ERROR:process_memory_win.cc(73)] ReadMemory at 0x70e05c4000 of 6024 bytes failed: Only part of a ReadProcessMemory or WriteProcessMemory request was completed. (0x12B)
[0610/104249.473:ERROR:process_memory_win.cc(73)] ReadMemory at 0x70e05c6000 of 6024 bytes failed: Only part of a ReadProcessMemory or WriteProcessMemory request was completed. (0x12B)
[0610/104249.474:ERROR:process_memory_win.cc(73)] ReadMemory at 0x70e05c8000 of 6024 bytes failed: Only part of a ReadProcessMemory or WriteProcessMemory request was completed. (0x12B)
[0610/104249.474:ERROR:process_memory_win.cc(73)] ReadMemory at 0x70e05ca000 of 6024 bytes failed: Only part of a ReadProcessMemory or WriteProcessMemory request was completed. (0x12B)
[0610/104249.474:ERROR:process_memory_win.cc(73)] ReadMemory at 0x70e05cc000 of 6024 bytes failed: Only part of a ReadProcessMemory or WriteProcessMemory request was completed. (0x12B)
[0610/104249.474:ERROR:process_memory_win.cc(73)] ReadMemory at 0x70e05d0000 of 6024 bytes failed: Only part of a ReadProcessMemory or WriteProcessMemory request was completed. (0x12B)
[0610/104249.474:ERROR:process_memory_win.cc(73)] ReadMemory at 0x70e05d2000 of 6024 bytes failed: Only part of a ReadProcessMemory or WriteProcessMemory request was completed. (0x12B)
[0610/104249.474:ERROR:process_memory_win.cc(73)] ReadMemory at 0x70e05d4000 of 6024 bytes failed: Only part of a ReadProcessMemory or WriteProcessMemory request was completed. (0x12B)
[0610/104249.475:ERROR:process_memory_win.cc(73)] ReadMemory at 0x70e05d6000 of 6024 bytes failed: Only part of a ReadProcessMemory or WriteProcessMemory request was completed. (0x12B)
[0610/104249.475:ERROR:process_memory_win.cc(73)] ReadMemory at 0x70e05d8000 of 6024 bytes failed: Only part of a ReadProcessMemory or WriteProcessMemory request was completed. (0x12B)
[0610/104249.475:ERROR:process_memory_win.cc(73)] ReadMemory at 0x70e05da000 of 6024 bytes failed: Only part of a ReadProcessMemory or WriteProcessMemory request was completed. (0x12B)
[0610/104249.475:ERROR:process_memory_win.cc(73)] ReadMemory at 0x70e05dc000 of 6024 bytes failed: Only part of a ReadProcessMemory or WriteProcessMemory request was completed. (0x12B)
[0610/104249.475:ERROR:process_memory_win.cc(73)] ReadMemory at 0x1e06d881000 of 512 bytes failed: Only part of a ReadProcessMemory or WriteProcessMemory request was completed. (0x12B)
[0610/104249.475:ERROR:process_memory_win.cc(73)] ReadMemory at 0x1e06d8b0000 of 384 bytes failed: Only part of a ReadProcessMemory or WriteProcessMemory request was completed. (0x12B)
[0610/104249.476:ERROR:process_memory_win.cc(73)] ReadMemory at 0x1e06d8b0ad0 of 512 bytes failed: Only part of a ReadProcessMemory or WriteProcessMemory request was completed. (0x12B)
[0610/104249.476:ERROR:process_memory_win.cc(73)] ReadMemory at 0x1e06d8b0fe0 of 9018 bytes failed: Only part of a ReadProcessMemory or WriteProcessMemory request was completed. (0x12B)
[0610/104249.476:ERROR:process_memory_win.cc(73)] ReadMemory at 0x1e06d8b3330 of 1012 bytes failed: Only part of a ReadProcessMemory or WriteProcessMemory request was completed. (0x12B)
[0610/104249.476:ERROR:process_memory_win.cc(73)] ReadMemory at 0x1e06d8b3978 of 118 bytes failed: Only part of a ReadProcessMemory or WriteProcessMemory request was completed. (0x12B)
[0610/104249.476:ERROR:process_memory_win.cc(73)] ReadMemory at 0x1e06d8b39f0 of 830 bytes failed: Only part of a ReadProcessMemory or WriteProcessMemory request was completed. (0x12B)
[0610/104249.476:ERROR:process_memory_win.cc(73)] ReadMemory at 0x1e06d8b3d30 of 118 bytes failed: Only part of a ReadProcessMemory or WriteProcessMemory request was completed. (0x12B)
[0610/104249.477:ERROR:process_memory_win.cc(73)] ReadMemory at 0x1e06d8b3da8 of 30 bytes failed: Only part of a ReadProcessMemory or WriteProcessMemory request was completed. (0x12B)
[0610/104249.477:ERROR:process_memory_win.cc(73)] ReadMemory at 0x1e06d8b3de0 of 58 bytes failed: Only part of a ReadProcessMemory or WriteProcessMemory request was completed. (0x12B)
[0610/104249.477:ERROR:process_memory_win.cc(73)] ReadMemory at 0x1e06d8b3ee0 of 132 bytes failed: Only part of a ReadProcessMemory or WriteProcessMemory request was completed. (0x12B)
[0610/104249.477:ERROR:process_memory_win.cc(73)] ReadMemory at 0x1e06d8b4070 of 132 bytes failed: Only part of a ReadProcessMemory or WriteProcessMemory request was completed. (0x12B)
[0610/104249.477:ERROR:process_memory_win.cc(73)] ReadMemory at 0x1e06d8b4230 of 124 bytes failed: Only part of a ReadProcessMemory or WriteProcessMemory request was completed. (0x12B)
[0610/104249.477:ERROR:process_memory_win.cc(73)] ReadMemory at 0x1e06d8b4610 of 132 bytes failed: Only part of a ReadProcessMemory or WriteProcessMemory request was completed. (0x12B)
[0610/104249.477:ERROR:process_memory_win.cc(73)] ReadMemory at 0x1e06d8b47a0 of 64 bytes failed: Only part of a ReadProcessMemory or WriteProcessMemory request was completed. (0x12B)
[0610/104249.478:ERROR:process_memory_win.cc(73)] ReadMemory at 0x1e06d8b47f0 of 132 bytes failed: Only part of a ReadProcessMemory or WriteProcessMemory request was completed. (0x12B)
[0610/104249.478:ERROR:process_memory_win.cc(73)] ReadMemory at 0x1e06d8b4c00 of 132 bytes failed: Only part of a ReadProcessMemory or WriteProcessMemory request was completed. (0x12B)
[0610/104249.478:ERROR:process_memory_win.cc(73)] ReadMemory at 0x1e06d8b4d90 of 68 bytes failed: Only part of a ReadProcessMemory or WriteProcessMemory request was completed. (0x12B)
[0610/104249.478:ERROR:process_memory_win.cc(73)] ReadMemory at 0x1e06d8b5da0 of 132 bytes failed: Only part of a ReadProcessMemory or WriteProcessMemory request was completed. (0x12B)
[0610/104249.478:ERROR:process_memory_win.cc(73)] ReadMemory at 0x1e06d8b5f10 of 132 bytes failed: Only part of a ReadProcessMemory or WriteProcessMemory request was completed. (0x12B)
[0610/104249.478:ERROR:process_memory_win.cc(73)] ReadMemory at 0x1e06d8b6040 of 152 bytes failed: Only part of a ReadProcessMemory or WriteProcessMemory request was completed. (0x12B)
[0610/104249.479:ERROR:process_memory_win.cc(73)] ReadMemory at 0x1e06d8b74c0 of 132 bytes failed: Only part of a ReadProcessMemory or WriteProcessMemory request was completed. (0x12B)
[0610/104249.479:ERROR:process_memory_win.cc(73)] ReadMemory at 0x1e06d8b75f0 of 132 bytes failed: Only part of a ReadProcessMemory or WriteProcessMemory request was completed. (0x12B)
[0610/104249.479:ERROR:process_memory_win.cc(73)] ReadMemory at 0x1e06d8b7810 of 132 bytes failed: Only part of a ReadProcessMemory or WriteProcessMemory request was completed. (0x12B)
[0610/104249.479:ERROR:process_memory_win.cc(73)] ReadMemory at 0x1e06d8b8860 of 60 bytes failed: Only part of a ReadProcessMemory or WriteProcessMemory request was completed. (0x12B)
[0610/104249.479:ERROR:process_memory_win.cc(73)] ReadMemory at 0x1e06d8b88b0 of 62 bytes failed: Only part of a ReadProcessMemory or WriteProcessMemory request was completed. (0x12B)
[0610/104249.479:ERROR:process_memory_win.cc(73)] ReadMemory at 0x1e06d8b8aa0 of 132 bytes failed: Only part of a ReadProcessMemory or WriteProcessMemory request was completed. (0x12B)
[0610/104249.479:ERROR:process_memory_win.cc(73)] ReadMemory at 0x1e06d8bb6a0 of 62 bytes failed: Only part of a ReadProcessMemory or WriteProcessMemory request was completed. (0x12B)
[0610/104249.480:ERROR:process_memory_win.cc(73)] ReadMemory at 0x1e06d8bb880 of 60 bytes failed: Only part of a ReadProcessMemory or WriteProcessMemory request was completed. (0x12B)
[0610/104249.480:ERROR:process_memory_win.cc(73)] ReadMemory at 0x1e06d8bb920 of 64 bytes failed: Only part of a ReadProcessMemory or WriteProcessMemory request was completed. (0x12B)
[0610/104249.480:ERROR:process_memory_win.cc(73)] ReadMemory at 0x1e06d8bba60 of 66 bytes failed: Only part of a ReadProcessMemory or WriteProcessMemory request was completed. (0x12B)
[0610/104249.480:ERROR:process_memory_win.cc(73)] ReadMemory at 0x1e06d8bbab0 of 62 bytes failed: Only part of a ReadProcessMemory or WriteProcessMemory request was completed. (0x12B)
[0610/104249.480:ERROR:process_memory_win.cc(73)] ReadMemory at 0x1e06d8bbb00 of 64 bytes failed: Only part of a ReadProcessMemory or WriteProcessMemory request was completed. (0x12B)
[0610/104249.480:ERROR:process_memory_win.cc(73)] ReadMemory at 0x1e06d8bbb50 of 64 bytes failed: Only part of a ReadProcessMemory or WriteProcessMemory request was completed. (0x12B)
[0610/104249.480:ERROR:process_memory_win.cc(73)] ReadMemory at 0x1e06d8bbd80 of 60 bytes failed: Only part of a ReadProcessMemory or WriteProcessMemory request was completed. (0x12B)
[0610/104249.480:ERROR:process_memory_win.cc(73)] ReadMemory at 0x1e06d8bbdd0 of 64 bytes failed: Only part of a ReadProcessMemory or WriteProcessMemory request was completed. (0x12B)
[0610/104249.481:ERROR:process_memory_win.cc(73)] ReadMemory at 0x1e06d8bc260 of 132 bytes failed: Only part of a ReadProcessMemory or WriteProcessMemory request was completed. (0x12B)
[0610/104249.481:ERROR:process_memory_win.cc(73)] ReadMemory at 0x1e06d8bc460 of 132 bytes failed: Only part of a ReadProcessMemory or WriteProcessMemory request was completed. (0x12B)
[0610/104249.481:ERROR:process_memory_win.cc(73)] ReadMemory at 0x1e06d8bc5f0 of 80 bytes failed: Only part of a ReadProcessMemory or WriteProcessMemory request was completed. (0x12B)
[0610/104249.481:ERROR:process_memory_win.cc(73)] ReadMemory at 0x1e06d8bc800 of 78 bytes failed: Only part of a ReadProcessMemory or WriteProcessMemory request was completed. (0x12B)
[0610/104249.481:ERROR:process_memory_win.cc(73)] ReadMemory at 0x1e06d8bcd40 of 76 bytes failed: Only part of a ReadProcessMemory or WriteProcessMemory request was completed. (0x12B)
[0610/104249.481:ERROR:process_memory_win.cc(73)] ReadMemory at 0x1e06d8bd3a0 of 80 bytes failed: Only part of a ReadProcessMemory or WriteProcessMemory request was completed. (0x12B)
[0610/104249.482:ERROR:process_memory_win.cc(73)] ReadMemory at 0x1e06d8be910 of 132 bytes failed: Only part of a ReadProcessMemory or WriteProcessMemory request was completed. (0x12B)
[0610/104249.482:ERROR:process_memory_win.cc(73)] ReadMemory at 0x1e06d8bf3d0 of 132 bytes failed: Only part of a ReadProcessMemory or WriteProcessMemory request was completed. (0x12B)
[0610/104249.482:ERROR:process_memory_win.cc(73)] ReadMemory at 0x1e06d8bf5e0 of 132 bytes failed: Only part of a ReadProcessMemory or WriteProcessMemory request was completed. (0x12B)
[0610/104249.482:ERROR:process_memory_win.cc(73)] ReadMemory at 0x1e06d8bf690 of 512 bytes failed: Only part of a ReadProcessMemory or WriteProcessMemory request was completed. (0x12B)
[0610/104249.482:ERROR:process_memory_win.cc(73)] ReadMemory at 0x1e06d8bf910 of 512 bytes failed: Only part of a ReadProcessMemory or WriteProcessMemory request was completed. (0x12B)
[0610/104249.482:ERROR:process_memory_win.cc(73)] ReadMemory at 0x1e06d8c03c0 of 54 bytes failed: Only part of a ReadProcessMemory or WriteProcessMemory request was completed. (0x12B)
[0610/104249.483:ERROR:process_memory_win.cc(73)] ReadMemory at 0x1e06d8c3ff0 of 132 bytes failed: Only part of a ReadProcessMemory or WriteProcessMemory request was completed. (0x12B)
[0610/104249.483:ERROR:process_memory_win.cc(73)] ReadMemory at 0x1e06d8c4120 of 144 bytes failed: Only part of a ReadProcessMemory or WriteProcessMemory request was completed. (0x12B)
[0610/104249.483:ERROR:process_memory_win.cc(73)] ReadMemory at 0x1e06d8c5c50 of 132 bytes failed: Only part of a ReadProcessMemory or WriteProcessMemory request was completed. (0x12B)
[0610/104249.483:ERROR:process_memory_win.cc(73)] ReadMemory at 0x1e06d8c5d80 of 132 bytes failed: Only part of a ReadProcessMemory or WriteProcessMemory request was completed. (0x12B)
[0610/104249.483:ERROR:process_memory_win.cc(73)] ReadMemory at 0x1e06d8c5eb0 of 132 bytes failed: Only part of a ReadProcessMemory or WriteProcessMemory request was completed. (0x12B)
[0610/104249.483:ERROR:process_memory_win.cc(73)] ReadMemory at 0x1e06d8c5fe0 of 132 bytes failed: Only part of a ReadProcessMemory or WriteProcessMemory request was completed. (0x12B)
[0610/104249.484:ERROR:process_memory_win.cc(73)] ReadMemory at 0x1e06d8c6110 of 132 bytes failed: Only part of a ReadProcessMemory or WriteProcessMemory request was completed. (0x12B)
[0610/104249.484:ERROR:process_memory_win.cc(73)] ReadMemory at 0x1e06d8c6240 of 132 bytes failed: Only part of a ReadProcessMemory or WriteProcessMemory request was completed. (0x12B)
[0610/104249.484:ERROR:process_memory_win.cc(73)] ReadMemory at 0x1e06d8c6370 of 132 bytes failed: Only part of a ReadProcessMemory or WriteProcessMemory request was completed. (0x12B)
[0610/104249.484:ERROR:process_memory_win.cc(73)] ReadMemory at 0x1e06d8c65d0 of 132 bytes failed: Only part of a ReadProcessMemory or WriteProcessMemory request was completed. (0x12B)
[0610/104249.484:ERROR:process_memory_win.cc(73)] ReadMemory at 0x1e06d8c6700 of 132 bytes failed: Only part of a ReadProcessMemory or WriteProcessMemory request was completed. (0x12B)
[0610/104249.484:ERROR:process_memory_win.cc(73)] ReadMemory at 0x1e06d8c6830 of 132 bytes failed: Only part of a ReadProcessMemory or WriteProcessMemory request was completed. (0x12B)
[0610/104249.485:ERROR:process_memory_win.cc(73)] ReadMemory at 0x1e06d8c6960 of 132 bytes failed: Only part of a ReadProcessMemory or WriteProcessMemory request was completed. (0x12B)
[0610/104249.485:ERROR:process_memory_win.cc(73)] ReadMemory at 0x1e06d8c6a90 of 132 bytes failed: Only part of a ReadProcessMemory or WriteProcessMemory request was completed. (0x12B)
[0610/104249.485:ERROR:process_memory_win.cc(73)] ReadMemory at 0x1e06d8c70e0 of 62 bytes failed: Only part of a ReadProcessMemory or WriteProcessMemory request was completed. (0x12B)
[0610/104249.485:ERROR:process_memory_win.cc(73)] ReadMemory at 0x1e06d8c7130 of 62 bytes failed: Only part of a ReadProcessMemory or WriteProcessMemory request was completed. (0x12B)
[0610/104249.485:ERROR:process_memory_win.cc(73)] ReadMemory at 0x1e06d8c71d0 of 64 bytes failed: Only part of a ReadProcessMemory or WriteProcessMemory request was completed. (0x12B)
[0610/104249.485:ERROR:process_memory_win.cc(73)] ReadMemory at 0x1e06d8c7220 of 62 bytes failed: Only part of a ReadProcessMemory or WriteProcessMemory request was completed. (0x12B)
[0610/104249.485:ERROR:process_memory_win.cc(73)] ReadMemory at 0x1e06d8c7270 of 62 bytes failed: Only part of a ReadProcessMemory or WriteProcessMemory request was completed. (0x12B)
[0610/104249.485:ERROR:process_memory_win.cc(73)] ReadMemory at 0x1e06d8c72c0 of 58 bytes failed: Only part of a ReadProcessMemory or WriteProcessMemory request was completed. (0x12B)
[0610/104249.486:ERROR:process_memory_win.cc(73)] ReadMemory at 0x1e06d8c7310 of 60 bytes failed: Only part of a ReadProcessMemory or WriteProcessMemory request was completed. (0x12B)
[0610/104249.486:ERROR:process_memory_win.cc(73)] ReadMemory at 0x1e06d8c7360 of 64 bytes failed: Only part of a ReadProcessMemory or WriteProcessMemory request was completed. (0x12B)
[0610/104249.486:ERROR:process_memory_win.cc(73)] ReadMemory at 0x1e06d8c73b0 of 60 bytes failed: Only part of a ReadProcessMemory or WriteProcessMemory request was completed. (0x12B)
[0610/104249.486:ERROR:process_memory_win.cc(73)] ReadMemory at 0x1e06d8c74f0 of 62 bytes failed: Only part of a ReadProcessMemory or WriteProcessMemory request was completed. (0x12B)
[0610/104249.486:ERROR:process_memory_win.cc(73)] ReadMemory at 0x1e06d8c7540 of 62 bytes failed: Only part of a ReadProcessMemory or WriteProcessMemory request was completed. (0x12B)
[0610/104249.486:ERROR:process_memory_win.cc(73)] ReadMemory at 0x1e06d8c7680 of 60 bytes failed: Only part of a ReadProcessMemory or WriteProcessMemory request was completed. (0x12B)
[0610/104249.487:ERROR:process_memory_win.cc(73)] ReadMemory at 0x1e06d8c7810 of 62 bytes failed: Only part of a ReadProcessMemory or WriteProcessMemory request was completed. (0x12B)
[0610/104249.487:ERROR:process_memory_win.cc(73)] ReadMemory at 0x1e06d8c7860 of 60 bytes failed: Only part of a ReadProcessMemory or WriteProcessMemory request was completed. (0x12B)
[0610/104249.487:ERROR:process_memory_win.cc(73)] ReadMemory at 0x1e06d8c79f0 of 66 bytes failed: Only part of a ReadProcessMemory or WriteProcessMemory request was completed. (0x12B)
[0610/104249.487:ERROR:process_memory_win.cc(73)] ReadMemory at 0x1e06d8c7d10 of 64 bytes failed: Only part of a ReadProcessMemory or WriteProcessMemory request was completed. (0x12B)
[0610/104249.487:ERROR:process_memory_win.cc(73)] ReadMemory at 0x1e06d8c7e50 of 62 bytes failed: Only part of a ReadProcessMemory or WriteProcessMemory request was completed. (0x12B)
[0610/104249.487:ERROR:process_memory_win.cc(73)] ReadMemory at 0x1e06d8c7ea0 of 64 bytes failed: Only part of a ReadProcessMemory or WriteProcessMemory request was completed. (0x12B)
[0610/104249.487:ERROR:process_memory_win.cc(73)] ReadMemory at 0x1e06d8c8000 of 132 bytes failed: Only part of a ReadProcessMemory or WriteProcessMemory request was completed. (0x12B)
[0610/104249.487:ERROR:process_memory_win.cc(73)] ReadMemory at 0x1e06d8c8130 of 132 bytes failed: Only part of a ReadProcessMemory or WriteProcessMemory request was completed. (0x12B)
[0610/104249.488:ERROR:process_memory_win.cc(73)] ReadMemory at 0x1e06d8c8260 of 132 bytes failed: Only part of a ReadProcessMemory or WriteProcessMemory request was completed. (0x12B)
[0610/104249.488:ERROR:process_memory_win.cc(73)] ReadMemory at 0x1e06d8c8390 of 132 bytes failed: Only part of a ReadProcessMemory or WriteProcessMemory request was completed. (0x12B)
[0610/104249.488:ERROR:process_memory_win.cc(73)] ReadMemory at 0x1e06d8c84c0 of 132 bytes failed: Only part of a ReadProcessMemory or WriteProcessMemory request was completed. (0x12B)
[0610/104249.488:ERROR:process_memory_win.cc(73)] ReadMemory at 0x1e06d8c85f0 of 132 bytes failed: Only part of a ReadProcessMemory or WriteProcessMemory request was completed. (0x12B)
[0610/104249.488:ERROR:process_memory_win.cc(73)] ReadMemory at 0x1e06d8c8720 of 132 bytes failed: Only part of a ReadProcessMemory or WriteProcessMemory request was completed. (0x12B)
[0610/104249.488:ERROR:process_memory_win.cc(73)] ReadMemory at 0x1e06d8c8850 of 132 bytes failed: Only part of a ReadProcessMemory or WriteProcessMemory request was completed. (0x12B)
[0610/104249.489:ERROR:process_memory_win.cc(73)] ReadMemory at 0x1e06d8c8980 of 132 bytes failed: Only part of a ReadProcessMemory or WriteProcessMemory request was completed. (0x12B)
[0610/104249.489:ERROR:process_memory_win.cc(73)] ReadMemory at 0x1e06d8c8ab0 of 132 bytes failed: Only part of a ReadProcessMemory or WriteProcessMemory request was completed. (0x12B)
[0610/104249.489:ERROR:process_memory_win.cc(73)] ReadMemory at 0x1e06d8c8be0 of 132 bytes failed: Only part of a ReadProcessMemory or WriteProcessMemory request was completed. (0x12B)
[0610/104249.489:ERROR:process_memory_win.cc(73)] ReadMemory at 0x1e06d8c8d10 of 132 bytes failed: Only part of a ReadProcessMemory or WriteProcessMemory request was completed. (0x12B)
[0610/104249.489:ERROR:process_memory_win.cc(73)] ReadMemory at 0x1e06d8c8e40 of 132 bytes failed: Only part of a ReadProcessMemory or WriteProcessMemory request was completed. (0x12B)
[0610/104249.489:ERROR:process_memory_win.cc(73)] ReadMemory at 0x1e06d8c8f70 of 132 bytes failed: Only part of a ReadProcessMemory or WriteProcessMemory request was completed. (0x12B)
[0610/104249.489:ERROR:process_memory_win.cc(73)] ReadMemory at 0x1e06d8c90a0 of 132 bytes failed: Only part of a ReadProcessMemory or WriteProcessMemory request was completed. (0x12B)
[0610/104249.490:ERROR:process_memory_win.cc(73)] ReadMemory at 0x1e06d8c9300 of 132 bytes failed: Only part of a ReadProcessMemory or WriteProcessMemory request was completed. (0x12B)
[0610/104249.490:ERROR:process_memory_win.cc(73)] ReadMemory at 0x1e06d8c9430 of 132 bytes failed: Only part of a ReadProcessMemory or WriteProcessMemory request was completed. (0x12B)
[0610/104249.490:ERROR:process_memory_win.cc(73)] ReadMemory at 0x1e06d8c9690 of 132 bytes failed: Only part of a ReadProcessMemory or WriteProcessMemory request was completed. (0x12B)
[0610/104249.490:ERROR:process_memory_win.cc(73)] ReadMemory at 0x1e06d8c97c0 of 132 bytes failed: Only part of a ReadProcessMemory or WriteProcessMemory request was completed. (0x12B)
[0610/104249.490:ERROR:process_memory_win.cc(73)] ReadMemory at 0x1e06d8c9a20 of 132 bytes failed: Only part of a ReadProcessMemory or WriteProcessMemory request was completed. (0x12B)
[0610/104249.490:ERROR:process_memory_win.cc(73)] ReadMemory at 0x1e06d8c9b50 of 132 bytes failed: Only part of a ReadProcessMemory or WriteProcessMemory request was completed. (0x12B)
[0610/104249.491:ERROR:process_memory_win.cc(73)] ReadMemory at 0x1e06d8c9c80 of 132 bytes failed: Only part of a ReadProcessMemory or WriteProcessMemory request was completed. (0x12B)
[0610/104249.491:ERROR:process_memory_win.cc(73)] ReadMemory at 0x1e06d8c9db0 of 132 bytes failed: Only part of a ReadProcessMemory or WriteProcessMemory request was completed. (0x12B)
[0610/104249.491:ERROR:process_memory_win.cc(73)] ReadMemory at 0x1e06d8d8b30 of 58 bytes failed: Only part of a ReadProcessMemory or WriteProcessMemory request was completed. (0x12B)
[0610/104249.491:ERROR:process_memory_win.cc(73)] ReadMemory at 0x1e06d8d8b80 of 62 bytes failed: Only part of a ReadProcessMemory or WriteProcessMemory request was completed. (0x12B)
[0610/104249.491:ERROR:process_memory_win.cc(73)] ReadMemory at 0x1e06d8d8bd0 of 66 bytes failed: Only part of a ReadProcessMemory or WriteProcessMemory request was completed. (0x12B)
[0610/104249.491:ERROR:process_memory_win.cc(73)] ReadMemory at 0x1e06d8d8c20 of 62 bytes failed: Only part of a ReadProcessMemory or WriteProcessMemory request was completed. (0x12B)
[0610/104249.492:ERROR:process_memory_win.cc(73)] ReadMemory at 0x1e06d8d8cc0 of 60 bytes failed: Only part of a ReadProcessMemory or WriteProcessMemory request was completed. (0x12B)
[0610/104249.492:ERROR:process_memory_win.cc(73)] ReadMemory at 0x1e06d8d8e00 of 66 bytes failed: Only part of a ReadProcessMemory or WriteProcessMemory request was completed. (0x12B)
[0610/104249.492:ERROR:process_memory_win.cc(73)] ReadMemory at 0x1e06d8d91c0 of 64 bytes failed: Only part of a ReadProcessMemory or WriteProcessMemory request was completed. (0x12B)
[0610/104249.492:ERROR:process_memory_win.cc(73)] ReadMemory at 0x1e06d8d9210 of 60 bytes failed: Only part of a ReadProcessMemory or WriteProcessMemory request was completed. (0x12B)
[0610/104249.492:ERROR:process_memory_win.cc(73)] ReadMemory at 0x1e06d8d92b0 of 58 bytes failed: Only part of a ReadProcessMemory or WriteProcessMemory request was completed. (0x12B)
[0610/104249.492:ERROR:process_memory_win.cc(73)] ReadMemory at 0x1e06d8d93f0 of 60 bytes failed: Only part of a ReadProcessMemory or WriteProcessMemory request was completed. (0x12B)
[0610/104249.493:ERROR:process_memory_win.cc(73)] ReadMemory at 0x1e06d8d9440 of 58 bytes failed: Only part of a ReadProcessMemory or WriteProcessMemory request was completed. (0x12B)
[0610/104249.493:ERROR:process_memory_win.cc(73)] ReadMemory at 0x1e06d8d9490 of 62 bytes failed: Only part of a ReadProcessMemory or WriteProcessMemory request was completed. (0x12B)
[0610/104249.493:ERROR:process_memory_win.cc(73)] ReadMemory at 0x1e06d8d94e0 of 62 bytes failed: Only part of a ReadProcessMemory or WriteProcessMemory request was completed. (0x12B)
[0610/104249.493:ERROR:process_memory_win.cc(73)] ReadMemory at 0x1e06d8df060 of 512 bytes failed: Only part of a ReadProcessMemory or WriteProcessMemory request was completed. (0x12B)
[0610/104249.493:ERROR:process_memory_win.cc(73)] ReadMemory at 0x1e06d8e7100 of 512 bytes failed: Only part of a ReadProcessMemory or WriteProcessMemory request was completed. (0x12B)
[0610/104249.494:ERROR:process_memory_win.cc(73)] ReadMemory at 0x1e06d8e7480 of 512 bytes failed: Only part of a ReadProcessMemory or WriteProcessMemory request was completed. (0x12B)
[0610/104249.494:ERROR:process_memory_win.cc(73)] ReadMemory at 0x1e06d8fcb90 of 512 bytes failed: Only part of a ReadProcessMemory or WriteProcessMemory request was completed. (0x12B)
[0610/104249.494:ERROR:process_memory_win.cc(73)] ReadMemory at 0x1e06d906240 of 808 bytes failed: Only part of a ReadProcessMemory or WriteProcessMemory request was completed. (0x12B)
[0610/104249.494:ERROR:process_memory_win.cc(73)] ReadMemory at 0x1e06d9069a0 of 512 bytes failed: Only part of a ReadProcessMemory or WriteProcessMemory request was completed. (0x12B)
[0610/104249.494:ERROR:process_memory_win.cc(73)] ReadMemory at 0x1e06d907150 of 132 bytes failed: Only part of a ReadProcessMemory or WriteProcessMemory request was completed. (0x12B)
[0610/104249.494:ERROR:process_memory_win.cc(73)] ReadMemory at 0x1e06d907740 of 132 bytes failed: Only part of a ReadProcessMemory or WriteProcessMemory request was completed. (0x12B)
[0610/104249.495:ERROR:process_memory_win.cc(73)] ReadMemory at 0x1e06d907870 of 132 bytes failed: Only part of a ReadProcessMemory or WriteProcessMemory request was completed. (0x12B)
[0610/104249.495:ERROR:process_memory_win.cc(73)] ReadMemory at 0x1e06d907c00 of 132 bytes failed: Only part of a ReadProcessMemory or WriteProcessMemory request was completed. (0x12B)
[0610/104249.495:ERROR:process_memory_win.cc(73)] ReadMemory at 0x1e06d907d30 of 132 bytes failed: Only part of a ReadProcessMemory or WriteProcessMemory request was completed. (0x12B)
[0610/104249.495:ERROR:process_memory_win.cc(73)] ReadMemory at 0x1e06d908450 of 132 bytes failed: Only part of a ReadProcessMemory or WriteProcessMemory request was completed. (0x12B)
[0610/104249.495:ERROR:process_memory_win.cc(73)] ReadMemory at 0x1e06d908580 of 132 bytes failed: Only part of a ReadProcessMemory or WriteProcessMemory request was completed. (0x12B)
[0610/104249.495:ERROR:process_memory_win.cc(73)] ReadMemory at 0x1e06d908dd0 of 132 bytes failed: Only part of a ReadProcessMemory or WriteProcessMemory request was completed. (0x12B)
[0610/104249.495:ERROR:process_memory_win.cc(73)] ReadMemory at 0x1e06d9091b0 of 60 bytes failed: Only part of a ReadProcessMemory or WriteProcessMemory request was completed. (0x12B)
[0610/104249.496:ERROR:process_memory_win.cc(73)] ReadMemory at 0x1e06d909660 of 64 bytes failed: Only part of a ReadProcessMemory or WriteProcessMemory request was completed. (0x12B)
[0610/104249.496:ERROR:process_memory_win.cc(73)] ReadMemory at 0x1e06d909b10 of 64 bytes failed: Only part of a ReadProcessMemory or WriteProcessMemory request was completed. (0x12B)
[0610/104249.496:ERROR:process_memory_win.cc(73)] ReadMemory at 0x1e06d909e80 of 66 bytes failed: Only part of a ReadProcessMemory or WriteProcessMemory request was completed. (0x12B)
[0610/104249.496:ERROR:process_memory_win.cc(73)] ReadMemory at 0x1e06d909fc0 of 62 bytes failed: Only part of a ReadProcessMemory or WriteProcessMemory request was completed. (0x12B)
[0610/104249.496:ERROR:process_memory_win.cc(73)] ReadMemory at 0x1e06d90b0b0 of 512 bytes failed: Only part of a ReadProcessMemory or WriteProcessMemory request was completed. (0x12B)
[0610/104249.496:ERROR:process_memory_win.cc(73)] ReadMemory at 0x1e06d9110e0 of 512 bytes failed: Only part of a ReadProcessMemory or WriteProcessMemory request was completed. (0x12B)
[0610/104249.496:ERROR:process_memory_win.cc(73)] ReadMemory at 0x1e06d925290 of 808 bytes failed: Only part of a ReadProcessMemory or WriteProcessMemory request was completed. (0x12B)
[0610/104249.497:ERROR:process_memory_win.cc(73)] ReadMemory at 0x1e06d938090 of 512 bytes failed: Only part of a ReadProcessMemory or WriteProcessMemory request was completed. (0x12B)
[0610/104249.497:ERROR:process_memory_win.cc(73)] ReadMemory at 0x1e06d93daf0 of 512 bytes failed: Only part of a ReadProcessMemory or WriteProcessMemory request was completed. (0x12B)
[0610/104249.497:ERROR:process_memory_win.cc(73)] ReadMemory at 0x1e06d93de70 of 512 bytes failed: Only part of a ReadProcessMemory or WriteProcessMemory request was completed. (0x12B)
[0610/104249.497:ERROR:process_memory_win.cc(73)] ReadMemory at 0x1e06d9477b0 of 60 bytes failed: Only part of a ReadProcessMemory or WriteProcessMemory request was completed. (0x12B)
[0610/104249.497:ERROR:process_memory_win.cc(73)] ReadMemory at 0x1e06d984200 of 58 bytes failed: Only part of a ReadProcessMemory or WriteProcessMemory request was completed. (0x12B)
[0610/104249.498:ERROR:process_memory_win.cc(73)] ReadMemory at 0x1e06dab0d00 of 512 bytes failed: Only part of a ReadProcessMemory or WriteProcessMemory request was completed. (0x12B)
[0610/104249.498:ERROR:process_memory_win.cc(73)] ReadMemory at 0x1e06dab1000 of 512 bytes failed: Only part of a ReadProcessMemory or WriteProcessMemory request was completed. (0x12B)
[0610/104249.498:ERROR:process_memory_win.cc(73)] ReadMemory at 0x1e06dab1fc0 of 512 bytes failed: Only part of a ReadProcessMemory or WriteProcessMemory request was completed. (0x12B)
[0610/104249.498:ERROR:process_memory_win.cc(73)] ReadMemory at 0x1e06db70000 of 384 bytes failed: Only part of a ReadProcessMemory or WriteProcessMemory request was completed. (0x12B)
[0610/104249.498:ERROR:process_memory_win.cc(73)] ReadMemory at 0x1e06dc40000 of 384 bytes failed: Only part of a ReadProcessMemory or WriteProcessMemory request was completed. (0x12B)
[0610/104249.498:ERROR:process_memory_win.cc(73)] ReadMemory at 0x1e06dc79ed0 of 512 bytes failed: Only part of a ReadProcessMemory or WriteProcessMemory request was completed. (0x12B)
[0610/104249.498:ERROR:process_memory_win.cc(73)] ReadMemory at 0x1e06dc82850 of 512 bytes failed: Only part of a ReadProcessMemory or WriteProcessMemory request was completed. (0x12B)
[0610/104249.498:ERROR:process_memory_win.cc(73)] ReadMemory at 0x1e070f74b80 of 512 bytes failed: Only part of a ReadProcessMemory or WriteProcessMemory request was completed. (0x12B)
[0610/104249.499:ERROR:process_memory_win.cc(73)] ReadMemory at 0x7ffbe622398e of 512 bytes failed: Only part of a ReadProcessMemory or WriteProcessMemory request was completed. (0x12B)
[0610/104249.499:ERROR:process_memory_win.cc(73)] ReadMemory at 0x7ffbe857818c of 512 bytes failed: Only part of a ReadProcessMemory or WriteProcessMemory request was completed. (0x12B)
[0610/104249.499:ERROR:process_memory_win.cc(73)] ReadMemory at 0x7ffbecabac28 of 512 bytes failed: Only part of a ReadProcessMemory or WriteProcessMemory request was completed. (0x12B)
[0610/104249.499:ERROR:process_memory_win.cc(73)] ReadMemory at 0x7ffbed5dc4a0 of 512 bytes failed: Only part of a ReadProcessMemory or WriteProcessMemory request was completed. (0x12B)
[0610/104249.499:ERROR:process_memory_win.cc(73)] ReadMemory at 0x7ffbed6f9568 of 512 bytes failed: Only part of a ReadProcessMemory or WriteProcessMemory request was completed. (0x12B)
[0610/104249.499:ERROR:process_memory_win.cc(73)] ReadMemory at 0x7ffc2d8f0000 of 384 bytes failed: Only part of a ReadProcessMemory or WriteProcessMemory request was completed. (0x12B)
[0610/104249.499:ERROR:process_memory_win.cc(73)] ReadMemory at 0x7ffc2e71c6e0 of 512 bytes failed: Only part of a ReadProcessMemory or WriteProcessMemory request was completed. (0x12B)
[0610/104249.499:ERROR:process_memory_win.cc(73)] ReadMemory at 0x7ffc2f60fc24 of 512 bytes failed: Only part of a ReadProcessMemory or WriteProcessMemory request was completed. (0x12B)
[0610/104249.500:ERROR:process_memory_win.cc(73)] ReadMemory at 0x7ffc3125c074 of 672 bytes failed: Only part of a ReadProcessMemory or WriteProcessMemory request was completed. (0x12B)
[0610/104249.500:ERROR:process_memory_win.cc(73)] ReadMemory at 0x7ffc3125c674 of 512 bytes failed: Only part of a ReadProcessMemory or WriteProcessMemory request was completed. (0x12B)
[0610/104249.500:ERROR:process_memory_win.cc(73)] ReadMemory at 0x7ffc3125cb44 of 512 bytes failed: Only part of a ReadProcessMemory or WriteProcessMemory request was completed. (0x12B)
[0610/104249.500:ERROR:process_memory_win.cc(73)] ReadMemory at 0x7ffc3125d124 of 512 bytes failed: Only part of a ReadProcessMemory or WriteProcessMemory request was completed. (0x12B)
[0610/104249.500:ERROR:process_memory_win.cc(73)] ReadMemory at 0x7ffc3125f984 of 512 bytes failed: Only part of a ReadProcessMemory or WriteProcessMemory request was completed. (0x12B)
[0610/104249.500:ERROR:process_memory_win.cc(73)] ReadMemory at 0x7ffc312ec428 of 18 bytes failed: Only part of a ReadProcessMemory or WriteProcessMemory request was completed. (0x12B)
[0610/104249.500:ERROR:process_memory_win.cc(73)] ReadMemory at 0x7ffc3131f4f8 of 40 bytes failed: Only part of a ReadProcessMemory or WriteProcessMemory request was completed. (0x12B)
[0610/104249.501:ERROR:process_memory_win.cc(73)] ReadMemory at 0x7ffc3131f978 of 48 bytes failed: Only part of a ReadProcessMemory or WriteProcessMemory request was completed. (0x12B)
[0610/104249.501:ERROR:process_memory_win.cc(73)] ReadMemory at 0x7ffc313253c0 of 64 bytes failed: Only part of a ReadProcessMemory or WriteProcessMemory request was completed. (0x12B)
[0610/104249.505:ERROR:scoped_process_suspend.cc(40)] NtResumeProcess: An attempt was made to access an exiting process. (0xc000010a)
